==================================================
Running CL builds
==================================================
cl               : cl_satswarm     
mode             : small_shell     
flow             : ImplCL          
aws_clk_gen      : True            
clock_recipe_a   : A2              
clock_recipe_b   : B0              
clock_recipe_c   : C0              
clock_recipe_hbm : H0              
place_direct     : SSI_SpreadLogic_high
phy_opt_direct   : AggressiveExplore
route_direct     : AggressiveExplore
build_tag        : 2026_03_19-165254
encrypt          : False           
==================================================

AWS FPGA: 2026-03-19 17:10:27 - Build starts


****** Vivado v2025.2 (64-bit)
  **** SW Build 6299465 on Fri Nov 14 12:34:56 MST 2025
  **** IP Build 6300035 on Fri Nov 14 10:48:45 MST 2025
  **** SharedData Build 6298862 on Thu Nov 13 04:50:51 MST 2025
  **** Start of session at: Thu Mar 19 17:10:28 2026
    ** Copyright 1986-2022 Xilinx, Inc. All Rights Reserved.
    ** Copyright 2022-2025 Advanced Micro Devices, Inc. All Rights Reserved.

source build_all.tcl
# proc print {message} {
#     set prefix "\nAWS FPGA: ([clock format [clock seconds] -format %T]): "
#     append output $prefix $message "\n"
#     puts $output
# }
# proc check_timing_path { {verbose 1} } {
# 
#   set setupPaths [get_timing_paths -max_paths 1 -slack_lesser_than 0 -setup]
#   set holdPaths  [get_timing_paths -max_paths 1 -slack_lesser_than 0 -hold]
# 
#   if {$verbose>0} {
#     print "Checking the negative slack path of the existing design"
#   }
# 
#   if {[llength $setupPaths] == 0 && [llength $holdPaths] == 0} {
#     if {$verbose>0} {
#       print "SUCCESS: Design has no negative slack path"
#     }
#     return 0
#   } else {
#     if {$verbose>0} {
#       print "CRITICAL WARNING: Found $setupPaths negative setup slack paths and $holdPaths negative hold slack hold paths"
#     }
#     return 1
#   }
# }
# proc create_dir {name path {verbose 0}} {
# 
#     # Better to use absolute path
#     set cur [pwd]
#     # Check if the $path exists
#     if {![file isdirectory $path]} {
#         error "$path doesn't exist"
#     }
#     cd $path
#     set path_abs [pwd]
# 
#     cd $cur
#     # Check and create the directory if not exists
#     if {![file isdirectory $path_abs/$name]} {
#         file mkdir $path_abs/$name
#         if {$verbose>0} {
#             print "Creating new folder $path_abs/$name"
#         }
#     } elseif {$verbose>0} {
#         print "Found existing folder $path_abs/$name. Folder creation skipped"
#     }
#     return $path_abs/$name
# }
# proc display_proj {} {
#     global VIVADO_TOOL_VERSION
#     global CL
#     global SHELL_MODE
#     global BUILD_FLOW
#     global PLACE_DIRECT
#     global PHY_OPT_DIRECT
#     global ROUTE_DIRECT
#     global TAG
#     global clock_recipe_a
#     global clock_recipe_b
#     global clock_recipe_c
#     global clock_recipe_hbm
# 
# 
#     set rpt "
#     ==================================================
#     Running CL builds w/ updated build tag
#     ==================================================
#     vivado_tool      : $VIVADO_TOOL_VERSION
#     cl               : $CL
#     mode             : $SHELL_MODE
#     clock_recipe_a   : $clock_recipe_a
#     clock_recipe_b   : $clock_recipe_b
#     clock_recipe_c   : $clock_recipe_c
#     clock_recipe_hbm : $clock_recipe_hbm
#     flow             : $BUILD_FLOW
#     place_direct     : $PLACE_DIRECT
#     phy_opt_direct   : $PHY_OPT_DIRECT
#     route_direct     : $ROUTE_DIRECT
#     build_tag        : $TAG
#     ==================================================
#     "
#     puts "$rpt"
# }
# set PLACE_DIRECT     [lindex $argv 0]
# set PHY_OPT_DIRECT   [lindex $argv 1]
# set ROUTE_DIRECT     [lindex $argv 2]
# set clock_recipe_a   [lindex $argv 3]
# set clock_recipe_b   [lindex $argv 4]
# set clock_recipe_c   [lindex $argv 5]
# set clock_recipe_hbm [lindex $argv 6]
# set DEVICE_TYPE "xcvu47p-fsvh2892-2-e"
# if { [info exists ::env(BUILD_FLOW)] } {
#   set BUILD_FLOW $::env(BUILD_FLOW)
# } else {
#   set BUILD_FLOW "BuildAll"
# }
# if { [info exists ::env(CL)] } {
#   set CL $::env(CL)
# } else {
#   set CL "cl_dram_hbm_dma"
# }
# if { [info exists ::env(SHELL_MODE)] } {
#   set SHELL_MODE $::env(SHELL_MODE)
# } else {
#   set SHELL_MODE "xdma_shell"
# }
# if { [info exists ::env(BUILD_TAG)] } {
#   set TAG $::env(BUILD_TAG)
# } else {
#   set TAG "00_00_0000-999999"
# }
# if { [info exists ::env(HDK_SHELL_DIR)] } {
#     set HDK_SHELL_DIR $::env(HDK_SHELL_DIR)
# } else {
#     print "ERROR: HDK_SHELL_DIR not set. Please run hdk_setup.sh to set required env variables."
#     exit
# }
# if { [info exists ::env(HDK_SHELL_DESIGN_DIR)] } {
#     set HDK_SHELL_DESIGN_DIR $::env(HDK_SHELL_DESIGN_DIR)
# } else {
#     print "ERROR: HDK_SHELL_DESIGN_DIR not set. Please run hdk_setup.sh to set required env variables."
#     exit
# }
# if { [info exists ::env(HDK_COMMON_DIR)] } {
#     set HDK_COMMON_DIR $::env(HDK_COMMON_DIR)
# } else {
#     print "ERROR: HDK_COMMON_DIR not set. Please run hdk_setup.sh to set required env variables."
#     exit
# }
# if { [info exists ::env(HDK_IP_SRC_DIR)] } {
#     set HDK_IP_SRC_DIR $::env(HDK_IP_SRC_DIR)
# } else {
#     print "ERROR: HDK_IP_SRC_DIR not set. Please run hdk_setup.sh to set required env variables."
#     exit
# }
# if { [info exists ::env(HDK_BD_SRC_DIR)] } {
#     set HDK_BD_SRC_DIR $::env(HDK_BD_SRC_DIR)
# } else {
#     print "ERROR: HDK_BD_SRC_DIR not set. Please run hdk_setup.sh to set required env variables."
#     exit
# }
# if { [info exists ::env(HDK_BD_GEN_DIR)] } {
#     set HDK_BD_GEN_DIR $::env(HDK_BD_GEN_DIR)
# } else {
#     print "ERROR: HDK_BD_GEN_DIR not set. Please run hdk_setup.sh to set required env variables."
#     exit
# }
# if { [info exists ::env(CL_DIR)] } {
#     set CL_DIR $::env(CL_DIR)
# } else {
#     print "ERROR: CL_DIR not set. Please run hdk_setup.sh to set required env variables."
#     exit
# }
# if { [info exists ::env(VIVADO_TOOL_VERSION)] } {
#     set VIVADO_TOOL_VERSION $::env(VIVADO_TOOL_VERSION)
# } else {
#     print "ERROR: VIVADO_TOOL_VERSION not set. Please run hdk_setup.sh to set required env variables."
#     exit
# }
# if { [info exists ::env(ENCRYPT)] } {
#     set ENCRYPT $::env(ENCRYPT)
# } else {
#     set ENCRYPT 1
# }
# display_proj

    ==================================================
    Running CL builds w/ updated build tag
    ==================================================
    vivado_tool      : 2025.2
    cl               : cl_satswarm
    mode             : small_shell
    clock_recipe_a   : A2
    clock_recipe_b   : B0
    clock_recipe_c   : C0
    clock_recipe_hbm : H0
    flow             : ImplCL
    place_direct     : SSI_SpreadLogic_high
    phy_opt_direct   : AggressiveExplore
    route_direct     : AggressiveExplore
    build_tag        : 2026_03_19-165254
    ==================================================
    
# set scripts_dir [pwd]
# set build_dir [file dirname $scripts_dir]
# create_dir "reports"              $build_dir
# create_dir "checkpoints"          $build_dir
# create_dir "src_post_encryption"  $build_dir
# set design_dir       "${CL_DIR}/design"
# set constraints_dir  "${build_dir}/constraints"
# set reports_dir      "${build_dir}/reports"
# set checkpoints_dir  "${build_dir}/checkpoints"
# set reports_dir      "${build_dir}/reports"
# set src_post_enc_dir "${build_dir}/src_post_encryption"
# cd $scripts_dir
# print "Generating clock contraints for CL source clocks"

AWS FPGA: (17:10:30): Generating clock contraints for CL source clocks

# source $HDK_SHELL_DIR/build/scripts/aws_gen_clk_constraints.tcl
## switch $clock_recipe_a {
##     "A0" {
##         #NOT SUPPORTED# set clk_main_a0_period        8
##         #NOT SUPPORTED# set clk_main_a0_half_period   4
##         set clk_main_a0_period        4
##         set clk_main_a0_half_period   2
##         set clk_extra_a1_period      16
##         set clk_extra_a1_half_period  8
##         set clk_extra_a2_period       5.333
##         set clk_extra_a2_half_period  2.667
##         set clk_extra_a3_period       4
##         set clk_extra_a3_half_period  2
##     }
##     "A1" {
##         set clk_main_a0_period        4
##         set clk_main_a0_half_period   2
##         set clk_extra_a1_period       6.667
##         set clk_extra_a1_half_period  3.333
##         set clk_extra_a2_period       4
##         set clk_extra_a2_half_period  2
##         set clk_extra_a3_period       3.333
##         set clk_extra_a3_half_period  1.667
##     }
##     "A2" {
##         #NOT SUPPORTED# set clk_main_a0_period        64
##         #NOT SUPPORTED# set clk_main_a0_half_period   32
##         set clk_main_a0_period         4
##         set clk_main_a0_half_period    2
##         set clk_extra_a1_period      128
##         set clk_extra_a1_half_period  64
##         set clk_extra_a2_period        8
##         set clk_extra_a2_half_period   4
##         set clk_extra_a3_period       16
##         set clk_extra_a3_half_period   8
##     }
##     default {
##         puts "$clock_recipe_a is NOT a valid clock_recipe_a."
##     }
## }
## switch $clock_recipe_b {
##     "B0" {
##         set clk_extra_b0_period       4
##         set clk_extra_b0_half_period  2
##         set clk_extra_b1_period       8
##         set clk_extra_b1_half_period  4
##     }
##     "B1" {
##         set clk_extra_b0_period       8
##         set clk_extra_b0_half_period  4
##         set clk_extra_b1_period      16
##         set clk_extra_b1_half_period  8
##     }
##     "B2" {
##         set clk_extra_b0_period       2.222
##         set clk_extra_b0_half_period  1.111
##         set clk_extra_b1_period       4.444
##         set clk_extra_b1_half_period  2.222
##     }
##     "B3" {
##         set clk_extra_b0_period       4
##         set clk_extra_b0_half_period  2
##         set clk_extra_b1_period      16
##         set clk_extra_b1_half_period  8
##     }
##     "B4" {
##         set clk_extra_b0_period       3.333
##         set clk_extra_b0_half_period  1.667
##         set clk_extra_b1_period      13.333
##         set clk_extra_b1_half_period  6.667
##     }
##     "B5" {
##         set clk_extra_b0_period       2.5
##         set clk_extra_b0_half_period  1.25
##         set clk_extra_b1_period      10
##         set clk_extra_b1_half_period  5
##     }
##     default {
##         puts "$clock_recipe_b is NOT a valid clock_recipe_b."
##     }
## }
## switch $clock_recipe_c {
##     "C0" {
##         set clk_extra_c0_period       3.333
##         set clk_extra_c0_half_period  1.667
##         set clk_extra_c1_period       2.5
##         set clk_extra_c1_half_period  1.25
##     }
##     "C1" {
##         set clk_extra_c0_period       6.667
##         set clk_extra_c0_half_period  3.333
##         set clk_extra_c1_period       5
##         set clk_extra_c1_half_period  2.5
##     }
##     "C2" {
##         set clk_extra_c0_period      13.333
##         set clk_extra_c0_half_period  6.667
##         set clk_extra_c1_period      10
##         set clk_extra_c1_half_period  5
##     }
##     "C3" {
##         set clk_extra_c0_period       5
##         set clk_extra_c0_half_period  2.5
##         set clk_extra_c1_period       3.75
##         set clk_extra_c1_half_period  1.875
##     }
##     default {
##         puts "$clock_recipe_c is NOT a valid clock_recipe_c."
##     }
## }
## switch $clock_recipe_hbm {
##     "H0" {
##         set clk_hbm_axi_period       4
##         set clk_hbm_axi_half_period  2
##     }
##     "H1" {
##         set clk_hbm_axi_period       8
##         set clk_hbm_axi_half_period  4
##     }
##     "H2" {
##         set clk_hbm_axi_period       2.222
##         set clk_hbm_axi_half_period  1.111
##     }
##     "H3" {
##         set clk_hbm_axi_period       3.333
##         set clk_hbm_axi_half_period  1.667
##     }
##     "H4" {
##         set clk_hbm_axi_period       2.5
##         set clk_hbm_axi_half_period  1.25
##     }
##     default {
##         puts "$clock_recipe_hbm is NOT a valid clock_recipe_hbm."
##     }
## }
## set pin_clk_extra_a1 "\[get_pins -of_objects \[get_cells -hierarchical -regexp .*AWS_CLK_GEN/CLK_GRP_A_EN_I.CLK_MMCM_A_I/inst/CLK_CORE_DRP_I/clk_inst/mmcme4_adv_inst\] -filter {NAME=~*CLKOUT0}\]"
## set pin_clk_extra_a2 "\[get_pins -of_objects \[get_cells -hierarchical -regexp .*AWS_CLK_GEN/CLK_GRP_A_EN_I.CLK_MMCM_A_I/inst/CLK_CORE_DRP_I/clk_inst/mmcme4_adv_inst\] -filter {NAME=~*CLKOUT1}\]"
## set pin_clk_extra_a3 "\[get_pins -of_objects \[get_cells -hierarchical -regexp .*AWS_CLK_GEN/CLK_GRP_A_EN_I.CLK_MMCM_A_I/inst/CLK_CORE_DRP_I/clk_inst/mmcme4_adv_inst\] -filter {NAME=~*CLKOUT2}\]"
## set pin_clk_extra_b0 "\[get_pins -of_objects \[get_cells -hierarchical -regexp .*AWS_CLK_GEN/CLK_GRP_B_EN_I.CLK_MMCM_B_I/inst/CLK_CORE_DRP_I/clk_inst/mmcme4_adv_inst\] -filter {NAME=~*CLKOUT0}\]"
## set pin_clk_extra_b1 "\[get_pins -of_objects \[get_cells -hierarchical -regexp .*AWS_CLK_GEN/CLK_GRP_B_EN_I.CLK_MMCM_B_I/inst/CLK_CORE_DRP_I/clk_inst/mmcme4_adv_inst\] -filter {NAME=~*CLKOUT1}\]"
## set pin_clk_extra_c0 "\[get_pins -of_objects \[get_cells -hierarchical -regexp .*AWS_CLK_GEN/CLK_GRP_C_EN_I.CLK_MMCM_C_I/inst/CLK_CORE_DRP_I/clk_inst/mmcme4_adv_inst\] -filter {NAME=~*CLKOUT0}\]"
## set pin_clk_extra_c1 "\[get_pins -of_objects \[get_cells -hierarchical -regexp .*AWS_CLK_GEN/CLK_GRP_C_EN_I.CLK_MMCM_C_I/inst/CLK_CORE_DRP_I/clk_inst/mmcme4_adv_inst\] -filter {NAME=~*CLKOUT1}\]"
## set pin_clk_hbm_axi  "\[get_pins -of_objects \[get_cells -hierarchical -regexp .*AWS_CLK_GEN/CLK_HBM_EN_I.CLK_MMCM_HBM_I/inst/CLK_CORE_DRP_I/clk_inst/mmcme4_adv_inst\] -filter {NAME=~*CLKOUT0}\]"
## if { [file exists $CL_DIR/build/constraints/generated_cl_clocks_aws.xdc] } {
##     puts "Deleting old CL clocks constraints file since it will be replaced.";
##     file delete -force $CL_DIR/build/constraints/generated_cl_clocks_aws.xdc
## }
Deleting old CL clocks constraints file since it will be replaced.
## set clocks_file [open "$CL_DIR/build/constraints/generated_cl_clocks_aws.xdc" w]
## puts $clocks_file "#-------------------------------------------------------------------------"
## puts $clocks_file "# Do not edit this file! It is auto-generated from $argv0."
## puts $clocks_file "#-------------------------------------------------------------------------"
## puts $clocks_file "###############################################################################                          "
## puts $clocks_file "# OOC Source Clocks                                                                                      "
## puts $clocks_file "###############################################################################                          "
## puts $clocks_file "#CL HBM reference clock @100MHz                                                                          "
## puts $clocks_file "create_clock -period 10.000 -name clk_hbm_ref  -waveform {0.000 5.000} \[get_ports clk_hbm_ref\]       \n"
## puts $clocks_file "# Group A Clocks"
## puts $clocks_file "create_clock -period $clk_main_a0_period  -name clk_main_a0 -waveform {0.000 $clk_main_a0_half_period}  \[get_ports clk_main_a0\]"
## close $clocks_file
# print "Checking for source code encryption"

AWS FPGA: (17:10:30): Checking for source code encryption

# source encrypt.tcl
## if {[llength [glob -nocomplain -dir ${src_post_enc_dir} *]] != 0} {
##   eval file delete -force [glob ${src_post_enc_dir}/*]
## }
## foreach f [glob -directory ${HDK_SHELL_DESIGN_DIR}/interfaces *.inc] {
##   file copy -force $f ${src_post_enc_dir}/
## }
## foreach f [glob -directory ${design_dir} *.{v,sv,vh,svh,inc}] {
##   file copy -force $f ${src_post_enc_dir}/
## }
## exec chmod +w {*}[glob ${src_post_enc_dir}/*]
## if {$ENCRYPT} {
##   print "Encryption enabled. Encrypting HDL files and DCPs."
##   encrypt -k ${HDK_SHELL_DIR}/build/scripts/vivado_keyfile.txt      -lang verilog -quiet [glob -nocomplain -- ${src_post_enc_dir}/*.{v,sv,vh,inc}]
##   encrypt -k ${HDK_SHELL_DIR}/build/scripts/vivado_vhdl_keyfile.txt -lang vhdl    -quiet [glob -nocomplain -- ${src_post_enc_dir}/*.vhd?]
## } else {
##   print "Encryption disabled."
## }

AWS FPGA: (17:10:30): Encryption disabled.

# switch $BUILD_FLOW {
#   "SynthCL" {
#     source ${scripts_dir}/synth_${CL}.tcl
#   }
# 
#   "ImplCL" {
#     source ${scripts_dir}/build_level_1_cl.tcl
#   }
# 
#   default {
#     source ${scripts_dir}/synth_${CL}.tcl
#     source ${scripts_dir}/build_level_1_cl.tcl
#   }
# }
## set AWS_DCP_DIR "${HDK_SHELL_DIR}/build/checkpoints/from_aws/"
## print "Start linking customer design ${CL}"

AWS FPGA: (17:10:30): Start linking customer design cl_satswarm

## add_files ${AWS_DCP_DIR}/cl_bb_routed.${SHELL_MODE}.dcp
## add_files ${checkpoints_dir}/${CL}.${TAG}.post_synth.dcp
## set_property SCOPED_TO_CELLS {WRAPPER/CL} \
##              [get_files ${checkpoints_dir}/${CL}.${TAG}.post_synth.dcp]
## link_design -mode default \
##             -reconfig_partitions {WRAPPER/CL} \
##             -top top
Command: link_design -mode default -reconfig_partitions WRAPPER/CL -top top
Design is defaulting to srcset: sources_1
Design is defaulting to constrset: constrs_1
Design is defaulting to dcp part: xcvu47p-fsvh2892-2-e
INFO: [Device 21-403] Loading part xcvu47p-fsvh2892-2-e
INFO: [Project 1-5699] Read binary netlist with skipMacroContent - 1
INFO: [Project 1-454] Reading design checkpoint '/home/ubuntu/src/project_data/SatSwarmV2/src/aws-fpga/hdk/cl/examples/cl_satswarm/build/checkpoints/cl_satswarm.2026_03_19-165254.post_synth.dcp' for cell 'WRAPPER/CL'
INFO: [Constraints 18-13253] Total boundary pins count on instance CL is 4575
INFO: [Constraints 18-13252] Boundary pins count for instance CL is greater than 1000, which could increase runtime to stitch this dcp to netlist.
INFO: [Constraints 18-13251] 501 boundary pins have been processed..
INFO: [Constraints 18-13251] 1002 boundary pins have been processed..
INFO: [Constraints 18-13251] 1503 boundary pins have been processed..
INFO: [Constraints 18-13251] 2004 boundary pins have been processed..
INFO: [Constraints 18-13251] 2505 boundary pins have been processed..
INFO: [Constraints 18-13251] 3006 boundary pins have been processed..
INFO: [Constraints 18-13251] 3507 boundary pins have been processed..
INFO: [Constraints 18-13251] 4008 boundary pins have been processed..
INFO: [Constraints 18-13251] 4509 boundary pins have been processed..
Netlist sorting complete. Time (s): cpu = 00:00:01 ; elapsed = 00:00:01 . Memory (MB): peak = 3434.000 ; gain = 0.000 ; free physical = 25253 ; free virtual = 38335
INFO: [Netlist 29-17] Analyzing 31189 Unisim elements for replacement
INFO: [Netlist 29-28] Unisim Transformation completed in 5 CPU seconds
INFO: [Project 1-479] Netlist was created with Vivado 2024.1
INFO: [Project 1-570] Preparing netlist for logic optimization
WARNING: [Constraints 18-550] Could not create 'DRIVE' constraint because net 'WRAPPER/IO_SHIM/rst_dimm_en' is not directly connected to top level port. 'DRIVE' is ignored for synthesis but preserved for implementation.
WARNING: [Constraints 18-550] Could not create 'SLEW' constraint because net 'WRAPPER/IO_SHIM/rst_dimm_en' is not directly connected to top level port. 'SLEW' is ignored for synthesis but preserved for implementation.
WARNING: [Constraints 18-550] Could not create 'IBUF_LOW_PWR' constraint because net 'WRAPPER/IO_SHIM/spi_cs_n' is not directly connected to top level port. 'IBUF_LOW_PWR' is ignored for synthesis but preserved for implementation.
WARNING: [Constraints 18-550] Could not create 'DRIVE' constraint because net 'WRAPPER/IO_SHIM/spi_miso' is not directly connected to top level port. 'DRIVE' is ignored for synthesis but preserved for implementation.
WARNING: [Constraints 18-550] Could not create 'SLEW' constraint because net 'WRAPPER/IO_SHIM/spi_miso' is not directly connected to top level port. 'SLEW' is ignored for synthesis but preserved for implementation.
WARNING: [Constraints 18-550] Could not create 'DRIVE' constraint because net 'WRAPPER/IO_SHIM/spi_miso_ts' is not directly connected to top level port. 'DRIVE' is ignored for synthesis but preserved for implementation.
WARNING: [Constraints 18-550] Could not create 'SLEW' constraint because net 'WRAPPER/IO_SHIM/spi_miso_ts' is not directly connected to top level port. 'SLEW' is ignored for synthesis but preserved for implementation.
WARNING: [Constraints 18-550] Could not create 'IBUF_LOW_PWR' constraint because net 'WRAPPER/IO_SHIM/spi_mosi' is not directly connected to top level port. 'IBUF_LOW_PWR' is ignored for synthesis but preserved for implementation.
WARNING: [Constraints 18-550] Could not create 'IBUF_LOW_PWR' constraint because net 'WRAPPER/IO_SHIM/spi_sck' is not directly connected to top level port. 'IBUF_LOW_PWR' is ignored for synthesis but preserved for implementation.
WARNING: [Constraints 18-550] Could not create 'IBUF_LOW_PWR' constraint because net 'WRAPPER/IO_SHIM/uc_pcie_perst_n' is not directly connected to top level port. 'IBUF_LOW_PWR' is ignored for synthesis but preserved for implementation.
WARNING: [Constraints 18-550] Could not create 'IBUF_LOW_PWR' constraint because net 'WRAPPER/IO_SHIM/vr_alert_n' is not directly connected to top level port. 'IBUF_LOW_PWR' is ignored for synthesis but preserved for implementation.
Parsing XDC File [/home/ubuntu/src/project_data/SatSwarmV2/src/aws-fpga/hdk/common/shell_stable/build/checkpoints/from_aws/cl_bb_routed.small_shell/top_board.xdc]
Finished Parsing XDC File [/home/ubuntu/src/project_data/SatSwarmV2/src/aws-fpga/hdk/common/shell_stable/build/checkpoints/from_aws/cl_bb_routed.small_shell/top_board.xdc]
Parsing XDC File [/home/ubuntu/src/project_data/SatSwarmV2/src/aws-fpga/hdk/common/shell_stable/build/checkpoints/from_aws/cl_bb_routed.small_shell/top_early.xdc]
WARNING: [Constraints 18-619] A clock with name 'CLK_DIMM_DP' already exists, overwriting the previous clock with the same name. [/proj/chiron/zhcz/F2/2024_1/f2/design/ip/cl_ip/cl_ip.gen/sources_1/ip/cl_ddr4/par/cl_ddr4.xdc:7]
Finished Parsing XDC File [/home/ubuntu/src/project_data/SatSwarmV2/src/aws-fpga/hdk/common/shell_stable/build/checkpoints/from_aws/cl_bb_routed.small_shell/top_early.xdc]
Parsing XDC File [/home/ubuntu/src/project_data/SatSwarmV2/src/aws-fpga/hdk/cl/examples/cl_satswarm/build/checkpoints/cl_satswarm.2026_03_19-165254.post_synth/cl_satswarm_early.xdc] for cell 'WRAPPER/CL'
Finished Parsing XDC File [/home/ubuntu/src/project_data/SatSwarmV2/src/aws-fpga/hdk/cl/examples/cl_satswarm/build/checkpoints/cl_satswarm.2026_03_19-165254.post_synth/cl_satswarm_early.xdc] for cell 'WRAPPER/CL'
Parsing XDC File [/home/ubuntu/src/project_data/SatSwarmV2/src/aws-fpga/hdk/common/shell_stable/build/checkpoints/from_aws/cl_bb_routed.small_shell/top.xdc]
INFO: [Constraints 18-4422] SNAPPING_MODE is set so implementation will use the DERIVED_RANGES which may be different then the GRID_RANGES. [/proj/chiron/zhcz/scratch/F2_BUILD_2024_Vivado_2024-10-21-15-03-11299/build/hpr_AltSpreadLogic_low_AggressiveExplore/constraints/floorplan/small_shell/level_1_fp_cl.xdc:18]
INFO: [Constraints 18-4421] A LAGUNA range, without usable sites, was added to DERIVED_RANGES for purposes of keeping the Programmable Unit together within the reconfigurable pblock. [/proj/chiron/zhcz/scratch/F2_BUILD_2024_Vivado_2024-10-21-15-03-11299/build/hpr_AltSpreadLogic_low_AggressiveExplore/constraints/floorplan/small_shell/level_1_fp_cl.xdc:18]
resize_pblock: Time (s): cpu = 00:00:09 ; elapsed = 00:00:09 . Memory (MB): peak = 3944.262 ; gain = 102.453 ; free physical = 24792 ; free virtual = 37874
Finished Parsing XDC File [/home/ubuntu/src/project_data/SatSwarmV2/src/aws-fpga/hdk/common/shell_stable/build/checkpoints/from_aws/cl_bb_routed.small_shell/top.xdc]
Parsing XDC File [/home/ubuntu/src/project_data/SatSwarmV2/src/aws-fpga/hdk/cl/examples/cl_satswarm/build/checkpoints/cl_satswarm.2026_03_19-165254.post_synth/cl_satswarm.xdc] for cell 'WRAPPER/CL'
Finished Parsing XDC File [/home/ubuntu/src/project_data/SatSwarmV2/src/aws-fpga/hdk/cl/examples/cl_satswarm/build/checkpoints/cl_satswarm.2026_03_19-165254.post_synth/cl_satswarm.xdc] for cell 'WRAPPER/CL'
Parsing XDC File [/home/ubuntu/src/project_data/SatSwarmV2/src/aws-fpga/hdk/common/shell_stable/build/checkpoints/from_aws/cl_bb_routed.small_shell/top_late.xdc]
INFO: [Vivado 12-24630] Instance: 'WRAPPER/CL' is a DFX HD.RECONFIGURABLE module.
INFO: [Timing 38-35] Done setting XDC timing constraints. [/proj/chiron/zhcz/scratch/F2_BUILD_2024_Vivado_2024-10-21-15-03-11299/build/hpr_AltSpreadLogic_low_AggressiveExplore/constraints/timing/io_timing.xdc:20]
INFO: [Timing 38-2] Deriving generated clocks [/proj/chiron/zhcz/scratch/F2_BUILD_2024_Vivado_2024-10-21-15-03-11299/build/hpr_AltSpreadLogic_low_AggressiveExplore/constraints/timing/io_timing.xdc:20]
WARNING: [Vivado 12-627] No clocks matched 'mmcm_clkout0'. [/proj/chiron/zhcz/scratch/F2_BUILD_2024_Vivado_2024-10-21-15-03-11299/build/hpr_AltSpreadLogic_low_AggressiveExplore/constraints/timing/io_timing.xdc:20]
WARNING: [Vivado 12-627] No clocks matched 'mmcm_clkout1'. [/proj/chiron/zhcz/scratch/F2_BUILD_2024_Vivado_2024-10-21-15-03-11299/build/hpr_AltSpreadLogic_low_AggressiveExplore/constraints/timing/io_timing.xdc:20]
WARNING: [Vivado 12-627] No clocks matched 'mmcm_clkout2'. [/proj/chiron/zhcz/scratch/F2_BUILD_2024_Vivado_2024-10-21-15-03-11299/build/hpr_AltSpreadLogic_low_AggressiveExplore/constraints/timing/io_timing.xdc:20]
WARNING: [Vivado 12-627] No clocks matched 'mmcm_clkout3'. [/proj/chiron/zhcz/scratch/F2_BUILD_2024_Vivado_2024-10-21-15-03-11299/build/hpr_AltSpreadLogic_low_AggressiveExplore/constraints/timing/io_timing.xdc:20]
WARNING: [Vivado 12-627] No clocks matched 'mmcm_clkout4'. [/proj/chiron/zhcz/scratch/F2_BUILD_2024_Vivado_2024-10-21-15-03-11299/build/hpr_AltSpreadLogic_low_AggressiveExplore/constraints/timing/io_timing.xdc:20]
WARNING: [Vivado 12-627] No clocks matched 'mmcm_clkout5'. [/proj/chiron/zhcz/scratch/F2_BUILD_2024_Vivado_2024-10-21-15-03-11299/build/hpr_AltSpreadLogic_low_AggressiveExplore/constraints/timing/io_timing.xdc:20]
WARNING: [Vivado 12-627] No clocks matched 'mmcm_clkout6'. [/proj/chiron/zhcz/scratch/F2_BUILD_2024_Vivado_2024-10-21-15-03-11299/build/hpr_AltSpreadLogic_low_AggressiveExplore/constraints/timing/io_timing.xdc:20]
WARNING: [Vivado 12-627] No clocks matched 'pll_clk[0]'. [/proj/chiron/zhcz/scratch/F2_BUILD_2024_Vivado_2024-10-21-15-03-11299/build/hpr_AltSpreadLogic_low_AggressiveExplore/constraints/timing/io_timing.xdc:20]
WARNING: [Vivado 12-627] No clocks matched 'pll_clk[1]'. [/proj/chiron/zhcz/scratch/F2_BUILD_2024_Vivado_2024-10-21-15-03-11299/build/hpr_AltSpreadLogic_low_AggressiveExplore/constraints/timing/io_timing.xdc:20]
WARNING: [Vivado 12-627] No clocks matched 'pll_clk[2]'. [/proj/chiron/zhcz/scratch/F2_BUILD_2024_Vivado_2024-10-21-15-03-11299/build/hpr_AltSpreadLogic_low_AggressiveExplore/constraints/timing/io_timing.xdc:20]
WARNING: [Vivado 12-627] No clocks matched 'pll_clk[0]_DIV'. [/proj/chiron/zhcz/scratch/F2_BUILD_2024_Vivado_2024-10-21-15-03-11299/build/hpr_AltSpreadLogic_low_AggressiveExplore/constraints/timing/io_timing.xdc:20]
WARNING: [Vivado 12-627] No clocks matched 'pll_clk[2]_DIV'. [/proj/chiron/zhcz/scratch/F2_BUILD_2024_Vivado_2024-10-21-15-03-11299/build/hpr_AltSpreadLogic_low_AggressiveExplore/constraints/timing/io_timing.xdc:20]
WARNING: [Vivado 12-627] No clocks matched 'pll_clk[1]_DIV'. [/proj/chiron/zhcz/scratch/F2_BUILD_2024_Vivado_2024-10-21-15-03-11299/build/hpr_AltSpreadLogic_low_AggressiveExplore/constraints/timing/io_timing.xdc:20]
get_clocks: Time (s): cpu = 00:00:33 ; elapsed = 00:00:11 . Memory (MB): peak = 4871.344 ; gain = 855.051 ; free physical = 24015 ; free virtual = 37097
WARNING: [Vivado 12-627] No clocks matched 'mmcm_clkout0'. [/proj/chiron/zhcz/scratch/F2_BUILD_2024_Vivado_2024-10-21-15-03-11299/build/hpr_AltSpreadLogic_low_AggressiveExplore/constraints/timing/io_timing.xdc:21]
WARNING: [Vivado 12-627] No clocks matched 'mmcm_clkout1'. [/proj/chiron/zhcz/scratch/F2_BUILD_2024_Vivado_2024-10-21-15-03-11299/build/hpr_AltSpreadLogic_low_AggressiveExplore/constraints/timing/io_timing.xdc:21]
WARNING: [Vivado 12-627] No clocks matched 'mmcm_clkout2'. [/proj/chiron/zhcz/scratch/F2_BUILD_2024_Vivado_2024-10-21-15-03-11299/build/hpr_AltSpreadLogic_low_AggressiveExplore/constraints/timing/io_timing.xdc:21]
WARNING: [Vivado 12-627] No clocks matched 'mmcm_clkout3'. [/proj/chiron/zhcz/scratch/F2_BUILD_2024_Vivado_2024-10-21-15-03-11299/build/hpr_AltSpreadLogic_low_AggressiveExplore/constraints/timing/io_timing.xdc:21]
WARNING: [Vivado 12-627] No clocks matched 'mmcm_clkout4'. [/proj/chiron/zhcz/scratch/F2_BUILD_2024_Vivado_2024-10-21-15-03-11299/build/hpr_AltSpreadLogic_low_AggressiveExplore/constraints/timing/io_timing.xdc:21]
WARNING: [Vivado 12-627] No clocks matched 'mmcm_clkout5'. [/proj/chiron/zhcz/scratch/F2_BUILD_2024_Vivado_2024-10-21-15-03-11299/build/hpr_AltSpreadLogic_low_AggressiveExplore/constraints/timing/io_timing.xdc:21]
WARNING: [Vivado 12-627] No clocks matched 'mmcm_clkout6'. [/proj/chiron/zhcz/scratch/F2_BUILD_2024_Vivado_2024-10-21-15-03-11299/build/hpr_AltSpreadLogic_low_AggressiveExplore/constraints/timing/io_timing.xdc:21]
WARNING: [Vivado 12-627] No clocks matched 'pll_clk[0]'. [/proj/chiron/zhcz/scratch/F2_BUILD_2024_Vivado_2024-10-21-15-03-11299/build/hpr_AltSpreadLogic_low_AggressiveExplore/constraints/timing/io_timing.xdc:21]
WARNING: [Vivado 12-627] No clocks matched 'pll_clk[1]'. [/proj/chiron/zhcz/scratch/F2_BUILD_2024_Vivado_2024-10-21-15-03-11299/build/hpr_AltSpreadLogic_low_AggressiveExplore/constraints/timing/io_timing.xdc:21]
WARNING: [Vivado 12-627] No clocks matched 'pll_clk[2]'. [/proj/chiron/zhcz/scratch/F2_BUILD_2024_Vivado_2024-10-21-15-03-11299/build/hpr_AltSpreadLogic_low_AggressiveExplore/constraints/timing/io_timing.xdc:21]
WARNING: [Vivado 12-627] No clocks matched 'pll_clk[0]_DIV'. [/proj/chiron/zhcz/scratch/F2_BUILD_2024_Vivado_2024-10-21-15-03-11299/build/hpr_AltSpreadLogic_low_AggressiveExplore/constraints/timing/io_timing.xdc:21]
WARNING: [Vivado 12-627] No clocks matched 'pll_clk[2]_DIV'. [/proj/chiron/zhcz/scratch/F2_BUILD_2024_Vivado_2024-10-21-15-03-11299/build/hpr_AltSpreadLogic_low_AggressiveExplore/constraints/timing/io_timing.xdc:21]
WARNING: [Vivado 12-627] No clocks matched 'pll_clk[1]_DIV'. [/proj/chiron/zhcz/scratch/F2_BUILD_2024_Vivado_2024-10-21-15-03-11299/build/hpr_AltSpreadLogic_low_AggressiveExplore/constraints/timing/io_timing.xdc:21]
WARNING: [Vivado 12-627] No clocks matched 'mmcm_clkout0'. [/proj/chiron/zhcz/scratch/F2_BUILD_2024_Vivado_2024-10-21-15-03-11299/build/hpr_AltSpreadLogic_low_AggressiveExplore/constraints/timing/io_timing.xdc:23]
WARNING: [Vivado 12-627] No clocks matched 'mmcm_clkout1'. [/proj/chiron/zhcz/scratch/F2_BUILD_2024_Vivado_2024-10-21-15-03-11299/build/hpr_AltSpreadLogic_low_AggressiveExplore/constraints/timing/io_timing.xdc:23]
WARNING: [Vivado 12-627] No clocks matched 'mmcm_clkout2'. [/proj/chiron/zhcz/scratch/F2_BUILD_2024_Vivado_2024-10-21-15-03-11299/build/hpr_AltSpreadLogic_low_AggressiveExplore/constraints/timing/io_timing.xdc:23]
WARNING: [Vivado 12-627] No clocks matched 'mmcm_clkout3'. [/proj/chiron/zhcz/scratch/F2_BUILD_2024_Vivado_2024-10-21-15-03-11299/build/hpr_AltSpreadLogic_low_AggressiveExplore/constraints/timing/io_timing.xdc:23]
WARNING: [Vivado 12-627] No clocks matched 'mmcm_clkout4'. [/proj/chiron/zhcz/scratch/F2_BUILD_2024_Vivado_2024-10-21-15-03-11299/build/hpr_AltSpreadLogic_low_AggressiveExplore/constraints/timing/io_timing.xdc:23]
WARNING: [Vivado 12-627] No clocks matched 'mmcm_clkout5'. [/proj/chiron/zhcz/scratch/F2_BUILD_2024_Vivado_2024-10-21-15-03-11299/build/hpr_AltSpreadLogic_low_AggressiveExplore/constraints/timing/io_timing.xdc:23]
WARNING: [Vivado 12-627] No clocks matched 'mmcm_clkout6'. [/proj/chiron/zhcz/scratch/F2_BUILD_2024_Vivado_2024-10-21-15-03-11299/build/hpr_AltSpreadLogic_low_AggressiveExplore/constraints/timing/io_timing.xdc:23]
WARNING: [Vivado 12-627] No clocks matched 'pll_clk[0]'. [/proj/chiron/zhcz/scratch/F2_BUILD_2024_Vivado_2024-10-21-15-03-11299/build/hpr_AltSpreadLogic_low_AggressiveExplore/constraints/timing/io_timing.xdc:23]
WARNING: [Vivado 12-627] No clocks matched 'pll_clk[1]'. [/proj/chiron/zhcz/scratch/F2_BUILD_2024_Vivado_2024-10-21-15-03-11299/build/hpr_AltSpreadLogic_low_AggressiveExplore/constraints/timing/io_timing.xdc:23]
WARNING: [Vivado 12-627] No clocks matched 'pll_clk[2]'. [/proj/chiron/zhcz/scratch/F2_BUILD_2024_Vivado_2024-10-21-15-03-11299/build/hpr_AltSpreadLogic_low_AggressiveExplore/constraints/timing/io_timing.xdc:23]
WARNING: [Vivado 12-627] No clocks matched 'pll_clk[0]_DIV'. [/proj/chiron/zhcz/scratch/F2_BUILD_2024_Vivado_2024-10-21-15-03-11299/build/hpr_AltSpreadLogic_low_AggressiveExplore/constraints/timing/io_timing.xdc:23]
WARNING: [Vivado 12-627] No clocks matched 'pll_clk[2]_DIV'. [/proj/chiron/zhcz/scratch/F2_BUILD_2024_Vivado_2024-10-21-15-03-11299/build/hpr_AltSpreadLogic_low_AggressiveExplore/constraints/timing/io_timing.xdc:23]
WARNING: [Vivado 12-627] No clocks matched 'pll_clk[1]_DIV'. [/proj/chiron/zhcz/scratch/F2_BUILD_2024_Vivado_2024-10-21-15-03-11299/build/hpr_AltSpreadLogic_low_AggressiveExplore/constraints/timing/io_timing.xdc:23]
WARNING: [Vivado 12-627] No clocks matched 'mmcm_clkout0'. [/proj/chiron/zhcz/scratch/F2_BUILD_2024_Vivado_2024-10-21-15-03-11299/build/hpr_AltSpreadLogic_low_AggressiveExplore/constraints/timing/io_timing.xdc:24]
WARNING: [Vivado 12-627] No clocks matched 'mmcm_clkout1'. [/proj/chiron/zhcz/scratch/F2_BUILD_2024_Vivado_2024-10-21-15-03-11299/build/hpr_AltSpreadLogic_low_AggressiveExplore/constraints/timing/io_timing.xdc:24]
WARNING: [Vivado 12-627] No clocks matched 'mmcm_clkout2'. [/proj/chiron/zhcz/scratch/F2_BUILD_2024_Vivado_2024-10-21-15-03-11299/build/hpr_AltSpreadLogic_low_AggressiveExplore/constraints/timing/io_timing.xdc:24]
WARNING: [Vivado 12-627] No clocks matched 'mmcm_clkout3'. [/proj/chiron/zhcz/scratch/F2_BUILD_2024_Vivado_2024-10-21-15-03-11299/build/hpr_AltSpreadLogic_low_AggressiveExplore/constraints/timing/io_timing.xdc:24]
WARNING: [Vivado 12-627] No clocks matched 'mmcm_clkout4'. [/proj/chiron/zhcz/scratch/F2_BUILD_2024_Vivado_2024-10-21-15-03-11299/build/hpr_AltSpreadLogic_low_AggressiveExplore/constraints/timing/io_timing.xdc:24]
WARNING: [Vivado 12-627] No clocks matched 'mmcm_clkout5'. [/proj/chiron/zhcz/scratch/F2_BUILD_2024_Vivado_2024-10-21-15-03-11299/build/hpr_AltSpreadLogic_low_AggressiveExplore/constraints/timing/io_timing.xdc:24]
WARNING: [Vivado 12-627] No clocks matched 'mmcm_clkout6'. [/proj/chiron/zhcz/scratch/F2_BUILD_2024_Vivado_2024-10-21-15-03-11299/build/hpr_AltSpreadLogic_low_AggressiveExplore/constraints/timing/io_timing.xdc:24]
WARNING: [Vivado 12-627] No clocks matched 'pll_clk[0]'. [/proj/chiron/zhcz/scratch/F2_BUILD_2024_Vivado_2024-10-21-15-03-11299/build/hpr_AltSpreadLogic_low_AggressiveExplore/constraints/timing/io_timing.xdc:24]
WARNING: [Vivado 12-627] No clocks matched 'pll_clk[1]'. [/proj/chiron/zhcz/scratch/F2_BUILD_2024_Vivado_2024-10-21-15-03-11299/build/hpr_AltSpreadLogic_low_AggressiveExplore/constraints/timing/io_timing.xdc:24]
WARNING: [Vivado 12-627] No clocks matched 'pll_clk[2]'. [/proj/chiron/zhcz/scratch/F2_BUILD_2024_Vivado_2024-10-21-15-03-11299/build/hpr_AltSpreadLogic_low_AggressiveExplore/constraints/timing/io_timing.xdc:24]
WARNING: [Vivado 12-627] No clocks matched 'pll_clk[0]_DIV'. [/proj/chiron/zhcz/scratch/F2_BUILD_2024_Vivado_2024-10-21-15-03-11299/build/hpr_AltSpreadLogic_low_AggressiveExplore/constraints/timing/io_timing.xdc:24]
WARNING: [Vivado 12-627] No clocks matched 'pll_clk[2]_DIV'. [/proj/chiron/zhcz/scratch/F2_BUILD_2024_Vivado_2024-10-21-15-03-11299/build/hpr_AltSpreadLogic_low_AggressiveExplore/constraints/timing/io_timing.xdc:24]
WARNING: [Vivado 12-627] No clocks matched 'pll_clk[1]_DIV'. [/proj/chiron/zhcz/scratch/F2_BUILD_2024_Vivado_2024-10-21-15-03-11299/build/hpr_AltSpreadLogic_low_AggressiveExplore/constraints/timing/io_timing.xdc:24]
WARNING: [Vivado 12-627] No clocks matched 'mmcm_clkout0'. [/proj/chiron/zhcz/scratch/F2_BUILD_2024_Vivado_2024-10-21-15-03-11299/build/hpr_AltSpreadLogic_low_AggressiveExplore/constraints/timing/io_timing.xdc:26]
WARNING: [Vivado 12-627] No clocks matched 'mmcm_clkout1'. [/proj/chiron/zhcz/scratch/F2_BUILD_2024_Vivado_2024-10-21-15-03-11299/build/hpr_AltSpreadLogic_low_AggressiveExplore/constraints/timing/io_timing.xdc:26]
WARNING: [Vivado 12-627] No clocks matched 'mmcm_clkout2'. [/proj/chiron/zhcz/scratch/F2_BUILD_2024_Vivado_2024-10-21-15-03-11299/build/hpr_AltSpreadLogic_low_AggressiveExplore/constraints/timing/io_timing.xdc:26]
WARNING: [Vivado 12-627] No clocks matched 'mmcm_clkout3'. [/proj/chiron/zhcz/scratch/F2_BUILD_2024_Vivado_2024-10-21-15-03-11299/build/hpr_AltSpreadLogic_low_AggressiveExplore/constraints/timing/io_timing.xdc:26]
WARNING: [Vivado 12-627] No clocks matched 'mmcm_clkout4'. [/proj/chiron/zhcz/scratch/F2_BUILD_2024_Vivado_2024-10-21-15-03-11299/build/hpr_AltSpreadLogic_low_AggressiveExplore/constraints/timing/io_timing.xdc:26]
WARNING: [Vivado 12-627] No clocks matched 'mmcm_clkout5'. [/proj/chiron/zhcz/scratch/F2_BUILD_2024_Vivado_2024-10-21-15-03-11299/build/hpr_AltSpreadLogic_low_AggressiveExplore/constraints/timing/io_timing.xdc:26]
WARNING: [Vivado 12-627] No clocks matched 'mmcm_clkout6'. [/proj/chiron/zhcz/scratch/F2_BUILD_2024_Vivado_2024-10-21-15-03-11299/build/hpr_AltSpreadLogic_low_AggressiveExplore/constraints/timing/io_timing.xdc:26]
WARNING: [Vivado 12-627] No clocks matched 'pll_clk[0]'. [/proj/chiron/zhcz/scratch/F2_BUILD_2024_Vivado_2024-10-21-15-03-11299/build/hpr_AltSpreadLogic_low_AggressiveExplore/constraints/timing/io_timing.xdc:26]
WARNING: [Vivado 12-627] No clocks matched 'pll_clk[1]'. [/proj/chiron/zhcz/scratch/F2_BUILD_2024_Vivado_2024-10-21-15-03-11299/build/hpr_AltSpreadLogic_low_AggressiveExplore/constraints/timing/io_timing.xdc:26]
WARNING: [Vivado 12-627] No clocks matched 'pll_clk[2]'. [/proj/chiron/zhcz/scratch/F2_BUILD_2024_Vivado_2024-10-21-15-03-11299/build/hpr_AltSpreadLogic_low_AggressiveExplore/constraints/timing/io_timing.xdc:26]
WARNING: [Vivado 12-627] No clocks matched 'pll_clk[0]_DIV'. [/proj/chiron/zhcz/scratch/F2_BUILD_2024_Vivado_2024-10-21-15-03-11299/build/hpr_AltSpreadLogic_low_AggressiveExplore/constraints/timing/io_timing.xdc:26]
WARNING: [Vivado 12-627] No clocks matched 'pll_clk[2]_DIV'. [/proj/chiron/zhcz/scratch/F2_BUILD_2024_Vivado_2024-10-21-15-03-11299/build/hpr_AltSpreadLogic_low_AggressiveExplore/constraints/timing/io_timing.xdc:26]
WARNING: [Vivado 12-627] No clocks matched 'pll_clk[1]_DIV'. [/proj/chiron/zhcz/scratch/F2_BUILD_2024_Vivado_2024-10-21-15-03-11299/build/hpr_AltSpreadLogic_low_AggressiveExplore/constraints/timing/io_timing.xdc:26]
WARNING: [Vivado 12-627] No clocks matched 'mmcm_clkout0'. [/proj/chiron/zhcz/scratch/F2_BUILD_2024_Vivado_2024-10-21-15-03-11299/build/hpr_AltSpreadLogic_low_AggressiveExplore/constraints/timing/io_timing.xdc:27]
WARNING: [Vivado 12-627] No clocks matched 'mmcm_clkout1'. [/proj/chiron/zhcz/scratch/F2_BUILD_2024_Vivado_2024-10-21-15-03-11299/build/hpr_AltSpreadLogic_low_AggressiveExplore/constraints/timing/io_timing.xdc:27]
WARNING: [Vivado 12-627] No clocks matched 'mmcm_clkout2'. [/proj/chiron/zhcz/scratch/F2_BUILD_2024_Vivado_2024-10-21-15-03-11299/build/hpr_AltSpreadLogic_low_AggressiveExplore/constraints/timing/io_timing.xdc:27]
WARNING: [Vivado 12-627] No clocks matched 'mmcm_clkout3'. [/proj/chiron/zhcz/scratch/F2_BUILD_2024_Vivado_2024-10-21-15-03-11299/build/hpr_AltSpreadLogic_low_AggressiveExplore/constraints/timing/io_timing.xdc:27]
WARNING: [Vivado 12-627] No clocks matched 'mmcm_clkout4'. [/proj/chiron/zhcz/scratch/F2_BUILD_2024_Vivado_2024-10-21-15-03-11299/build/hpr_AltSpreadLogic_low_AggressiveExplore/constraints/timing/io_timing.xdc:27]
WARNING: [Vivado 12-627] No clocks matched 'mmcm_clkout5'. [/proj/chiron/zhcz/scratch/F2_BUILD_2024_Vivado_2024-10-21-15-03-11299/build/hpr_AltSpreadLogic_low_AggressiveExplore/constraints/timing/io_timing.xdc:27]
WARNING: [Vivado 12-627] No clocks matched 'mmcm_clkout6'. [/proj/chiron/zhcz/scratch/F2_BUILD_2024_Vivado_2024-10-21-15-03-11299/build/hpr_AltSpreadLogic_low_AggressiveExplore/constraints/timing/io_timing.xdc:27]
WARNING: [Vivado 12-627] No clocks matched 'pll_clk[0]'. [/proj/chiron/zhcz/scratch/F2_BUILD_2024_Vivado_2024-10-21-15-03-11299/build/hpr_AltSpreadLogic_low_AggressiveExplore/constraints/timing/io_timing.xdc:27]
WARNING: [Vivado 12-627] No clocks matched 'pll_clk[1]'. [/proj/chiron/zhcz/scratch/F2_BUILD_2024_Vivado_2024-10-21-15-03-11299/build/hpr_AltSpreadLogic_low_AggressiveExplore/constraints/timing/io_timing.xdc:27]
WARNING: [Vivado 12-627] No clocks matched 'pll_clk[2]'. [/proj/chiron/zhcz/scratch/F2_BUILD_2024_Vivado_2024-10-21-15-03-11299/build/hpr_AltSpreadLogic_low_AggressiveExplore/constraints/timing/io_timing.xdc:27]
WARNING: [Vivado 12-627] No clocks matched 'pll_clk[0]_DIV'. [/proj/chiron/zhcz/scratch/F2_BUILD_2024_Vivado_2024-10-21-15-03-11299/build/hpr_AltSpreadLogic_low_AggressiveExplore/constraints/timing/io_timing.xdc:27]
WARNING: [Vivado 12-627] No clocks matched 'pll_clk[2]_DIV'. [/proj/chiron/zhcz/scratch/F2_BUILD_2024_Vivado_2024-10-21-15-03-11299/build/hpr_AltSpreadLogic_low_AggressiveExplore/constraints/timing/io_timing.xdc:27]
WARNING: [Vivado 12-627] No clocks matched 'pll_clk[1]_DIV'. [/proj/chiron/zhcz/scratch/F2_BUILD_2024_Vivado_2024-10-21-15-03-11299/build/hpr_AltSpreadLogic_low_AggressiveExplore/constraints/timing/io_timing.xdc:27]
WARNING: [Vivado 12-627] No clocks matched 'mmcm_clkout0'. [/proj/chiron/zhcz/scratch/F2_BUILD_2024_Vivado_2024-10-21-15-03-11299/build/hpr_AltSpreadLogic_low_AggressiveExplore/constraints/timing/io_timing.xdc:50]
WARNING: [Vivado 12-627] No clocks matched 'mmcm_clkout1'. [/proj/chiron/zhcz/scratch/F2_BUILD_2024_Vivado_2024-10-21-15-03-11299/build/hpr_AltSpreadLogic_low_AggressiveExplore/constraints/timing/io_timing.xdc:50]
WARNING: [Vivado 12-627] No clocks matched 'mmcm_clkout2'. [/proj/chiron/zhcz/scratch/F2_BUILD_2024_Vivado_2024-10-21-15-03-11299/build/hpr_AltSpreadLogic_low_AggressiveExplore/constraints/timing/io_timing.xdc:50]
WARNING: [Vivado 12-627] No clocks matched 'mmcm_clkout3'. [/proj/chiron/zhcz/scratch/F2_BUILD_2024_Vivado_2024-10-21-15-03-11299/build/hpr_AltSpreadLogic_low_AggressiveExplore/constraints/timing/io_timing.xdc:50]
WARNING: [Vivado 12-627] No clocks matched 'mmcm_clkout4'. [/proj/chiron/zhcz/scratch/F2_BUILD_2024_Vivado_2024-10-21-15-03-11299/build/hpr_AltSpreadLogic_low_AggressiveExplore/constraints/timing/io_timing.xdc:50]
WARNING: [Vivado 12-627] No clocks matched 'mmcm_clkout5'. [/proj/chiron/zhcz/scratch/F2_BUILD_2024_Vivado_2024-10-21-15-03-11299/build/hpr_AltSpreadLogic_low_AggressiveExplore/constraints/timing/io_timing.xdc:50]
WARNING: [Vivado 12-627] No clocks matched 'mmcm_clkout6'. [/proj/chiron/zhcz/scratch/F2_BUILD_2024_Vivado_2024-10-21-15-03-11299/build/hpr_AltSpreadLogic_low_AggressiveExplore/constraints/timing/io_timing.xdc:50]
WARNING: [Vivado 12-627] No clocks matched 'pll_clk[0]'. [/proj/chiron/zhcz/scratch/F2_BUILD_2024_Vivado_2024-10-21-15-03-11299/build/hpr_AltSpreadLogic_low_AggressiveExplore/constraints/timing/io_timing.xdc:50]
WARNING: [Vivado 12-627] No clocks matched 'pll_clk[1]'. [/proj/chiron/zhcz/scratch/F2_BUILD_2024_Vivado_2024-10-21-15-03-11299/build/hpr_AltSpreadLogic_low_AggressiveExplore/constraints/timing/io_timing.xdc:50]
WARNING: [Vivado 12-627] No clocks matched 'pll_clk[2]'. [/proj/chiron/zhcz/scratch/F2_BUILD_2024_Vivado_2024-10-21-15-03-11299/build/hpr_AltSpreadLogic_low_AggressiveExplore/constraints/timing/io_timing.xdc:50]
WARNING: [Vivado 12-627] No clocks matched 'pll_clk[0]_DIV'. [/proj/chiron/zhcz/scratch/F2_BUILD_2024_Vivado_2024-10-21-15-03-11299/build/hpr_AltSpreadLogic_low_AggressiveExplore/constraints/timing/io_timing.xdc:50]
WARNING: [Vivado 12-627] No clocks matched 'pll_clk[2]_DIV'. [/proj/chiron/zhcz/scratch/F2_BUILD_2024_Vivado_2024-10-21-15-03-11299/build/hpr_AltSpreadLogic_low_AggressiveExplore/constraints/timing/io_timing.xdc:50]
WARNING: [Vivado 12-627] No clocks matched 'pll_clk[1]_DIV'. [/proj/chiron/zhcz/scratch/F2_BUILD_2024_Vivado_2024-10-21-15-03-11299/build/hpr_AltSpreadLogic_low_AggressiveExplore/constraints/timing/io_timing.xdc:50]
WARNING: [Vivado 12-627] No clocks matched 'mmcm_clkout0'. [/proj/chiron/zhcz/scratch/F2_BUILD_2024_Vivado_2024-10-21-15-03-11299/build/hpr_AltSpreadLogic_low_AggressiveExplore/constraints/timing/io_timing.xdc:51]
WARNING: [Vivado 12-627] No clocks matched 'mmcm_clkout1'. [/proj/chiron/zhcz/scratch/F2_BUILD_2024_Vivado_2024-10-21-15-03-11299/build/hpr_AltSpreadLogic_low_AggressiveExplore/constraints/timing/io_timing.xdc:51]
WARNING: [Vivado 12-627] No clocks matched 'mmcm_clkout2'. [/proj/chiron/zhcz/scratch/F2_BUILD_2024_Vivado_2024-10-21-15-03-11299/build/hpr_AltSpreadLogic_low_AggressiveExplore/constraints/timing/io_timing.xdc:51]
WARNING: [Vivado 12-627] No clocks matched 'mmcm_clkout3'. [/proj/chiron/zhcz/scratch/F2_BUILD_2024_Vivado_2024-10-21-15-03-11299/build/hpr_AltSpreadLogic_low_AggressiveExplore/constraints/timing/io_timing.xdc:51]
WARNING: [Vivado 12-627] No clocks matched 'mmcm_clkout4'. [/proj/chiron/zhcz/scratch/F2_BUILD_2024_Vivado_2024-10-21-15-03-11299/build/hpr_AltSpreadLogic_low_AggressiveExplore/constraints/timing/io_timing.xdc:51]
WARNING: [Vivado 12-627] No clocks matched 'mmcm_clkout5'. [/proj/chiron/zhcz/scratch/F2_BUILD_2024_Vivado_2024-10-21-15-03-11299/build/hpr_AltSpreadLogic_low_AggressiveExplore/constraints/timing/io_timing.xdc:51]
WARNING: [Vivado 12-627] No clocks matched 'mmcm_clkout6'. [/proj/chiron/zhcz/scratch/F2_BUILD_2024_Vivado_2024-10-21-15-03-11299/build/hpr_AltSpreadLogic_low_AggressiveExplore/constraints/timing/io_timing.xdc:51]
WARNING: [Vivado 12-627] No clocks matched 'pll_clk[0]'. [/proj/chiron/zhcz/scratch/F2_BUILD_2024_Vivado_2024-10-21-15-03-11299/build/hpr_AltSpreadLogic_low_AggressiveExplore/constraints/timing/io_timing.xdc:51]
WARNING: [Vivado 12-627] No clocks matched 'pll_clk[1]'. [/proj/chiron/zhcz/scratch/F2_BUILD_2024_Vivado_2024-10-21-15-03-11299/build/hpr_AltSpreadLogic_low_AggressiveExplore/constraints/timing/io_timing.xdc:51]
INFO: [Common 17-14] Message 'Vivado 12-627' appears 100 times and further instances of the messages will be disabled. Use the Tcl command set_msg_config to change the current settings. [/proj/chiron/zhcz/scratch/F2_BUILD_2024_Vivado_2024-10-21-15-03-11299/build/hpr_AltSpreadLogic_low_AggressiveExplore/constraints/timing/io_timing.xdc:51]
Finished Parsing XDC File [/home/ubuntu/src/project_data/SatSwarmV2/src/aws-fpga/hdk/common/shell_stable/build/checkpoints/from_aws/cl_bb_routed.small_shell/top_late.xdc]
INFO: [Designutils 20-5722] Start Reading Physical Databases.
Reading placement.
Read Netlist Cache: Time (s): cpu = 00:00:00 ; elapsed = 00:00:00.01 . Memory (MB): peak = 4879.344 ; gain = 0.000 ; free physical = 24008 ; free virtual = 37089
Reading placer database...
Read Device Cache: Time (s): cpu = 00:00:00.02 ; elapsed = 00:00:00.02 . Memory (MB): peak = 4880.344 ; gain = 1.000 ; free physical = 24008 ; free virtual = 37089
Read PlaceDB: Time (s): cpu = 00:00:00.32 ; elapsed = 00:00:00.32 . Memory (MB): peak = 4890.727 ; gain = 8.000 ; free physical = 23992 ; free virtual = 37074
Read PulsedLatchDB: Time (s): cpu = 00:00:00 ; elapsed = 00:00:00 . Memory (MB): peak = 4891.727 ; gain = 0.000 ; free physical = 23992 ; free virtual = 37074
Reading routing.
Read RouteStorage: Time (s): cpu = 00:00:00.23 ; elapsed = 00:00:00.23 . Memory (MB): peak = 4900.109 ; gain = 8.383 ; free physical = 23984 ; free virtual = 37066
Read Physdb Files: Time (s): cpu = 00:00:00.61 ; elapsed = 00:00:00.63 . Memory (MB): peak = 4900.109 ; gain = 20.766 ; free physical = 23984 ; free virtual = 37066
Restored from archive | CPU: 1.170000 secs | Memory: 16.944908 MB |
Finished XDEF File Restore: Time (s): cpu = 00:00:01 ; elapsed = 00:00:01 . Memory (MB): peak = 4900.109 ; gain = 20.766 ; free physical = 23984 ; free virtual = 37066
WARNING: [Constraints 18-4434] Global Clock Buffer 'SL/UC_PCIE4_BRIDGE/inst/pcie4_ip_i/inst/bufg_gt_sysclk' is LOCed to site 'BUFG_GT_X1Y120'. Using a LOC constraint to assign the placement of a Global Clock Buffer can result in sub-optimal placement results.
Resolution: Remove the LOC constraint and use the CLOCK_REGION constraint to assign a Global Clock Buffer to a CLOCK_REGION.
WARNING: [Constraints 18-4434] Global Clock Buffer 'WRAPPER/IO_SHIM/BUFG_CLK_125' is LOCed to site 'BUFGCE_X0Y122'. Using a LOC constraint to assign the placement of a Global Clock Buffer can result in sub-optimal placement results.
Resolution: Remove the LOC constraint and use the CLOCK_REGION constraint to assign a Global Clock Buffer to a CLOCK_REGION.
WARNING: [Constraints 18-4434] Global Clock Buffer 'WRAPPER/IO_SHIM/BUFG_CLK_HBM_EXT' is LOCed to site 'BUFGCE_X0Y70'. Using a LOC constraint to assign the placement of a Global Clock Buffer can result in sub-optimal placement results.
Resolution: Remove the LOC constraint and use the CLOCK_REGION constraint to assign a Global Clock Buffer to a CLOCK_REGION.
WARNING: [Constraints 18-4434] Global Clock Buffer 'WRAPPER/IO_SHIM/BUFG_CLK_HBM_INT' is LOCed to site 'BUFGCE_X0Y65'. Using a LOC constraint to assign the placement of a Global Clock Buffer can result in sub-optimal placement results.
Resolution: Remove the LOC constraint and use the CLOCK_REGION constraint to assign a Global Clock Buffer to a CLOCK_REGION.
WARNING: [Constraints 18-4434] Global Clock Buffer 'WRAPPER/IO_SHIM/PLL_CLK_CORE/inst/clkout1_buf' is LOCed to site 'BUFGCE_X0Y56'. Using a LOC constraint to assign the placement of a Global Clock Buffer can result in sub-optimal placement results.
Resolution: Remove the LOC constraint and use the CLOCK_REGION constraint to assign a Global Clock Buffer to a CLOCK_REGION.
WARNING: [Constraints 18-4434] Global Clock Buffer 'WRAPPER/IO_SHIM/PLL_CLK_CORE/inst/clkout2_buf' is LOCed to site 'BUFGCE_X0Y58'. Using a LOC constraint to assign the placement of a Global Clock Buffer can result in sub-optimal placement results.
Resolution: Remove the LOC constraint and use the CLOCK_REGION constraint to assign a Global Clock Buffer to a CLOCK_REGION.
WARNING: [Constraints 18-4434] Global Clock Buffer 'WRAPPER/IO_SHIM/RL_CLKS/BUFG_CLK_A_EXT' is LOCed to site 'BUFGCE_X0Y135'. Using a LOC constraint to assign the placement of a Global Clock Buffer can result in sub-optimal placement results.
Resolution: Remove the LOC constraint and use the CLOCK_REGION constraint to assign a Global Clock Buffer to a CLOCK_REGION.
WARNING: [Constraints 18-4434] Global Clock Buffer 'WRAPPER/IO_SHIM/RL_CLKS/BUFG_CLK_A_INT' is LOCed to site 'BUFGCE_X0Y136'. Using a LOC constraint to assign the placement of a Global Clock Buffer can result in sub-optimal placement results.
Resolution: Remove the LOC constraint and use the CLOCK_REGION constraint to assign a Global Clock Buffer to a CLOCK_REGION.
WARNING: [Constraints 18-4434] Global Clock Buffer 'WRAPPER/RL/HOST_PCIE4C/inst/bufg_gt_sysclk' is LOCed to site 'BUFG_GT_X1Y78'. Using a LOC constraint to assign the placement of a Global Clock Buffer can result in sub-optimal placement results.
Resolution: Remove the LOC constraint and use the CLOCK_REGION constraint to assign a Global Clock Buffer to a CLOCK_REGION.
Parsing XDC File [/home/ubuntu/src/project_data/SatSwarmV2/src/aws-fpga/hdk/cl/examples/cl_satswarm/build/checkpoints/cl_satswarm.2026_03_19-165254.post_synth/cl_satswarm_late.xdc] for cell 'WRAPPER/CL'
WARNING: [Vivado_Tcl 4-2057] Waiver ID 'LUTAR-1' object list specifies likely unusable hierarchical instance 'WRAPPER/CL/DDR_CDC/inst/gen_clock_conv.gen_async_conv.asyncfifo_axi'. [/home/ubuntu/src/project_data/SatSwarmV2/src/aws-fpga/hdk/common/ip/cl_ip/cl_ip.gen/sources_1/ip/cl_axi_clock_converter/cl_axi_clock_converter_clocks.xdc:30]
WARNING: [Vivado_Tcl 4-2057] Waiver ID 'LUTAR-1' object list specifies likely unusable hierarchical instance 'WRAPPER/CL/PCIS_CDC/inst/gen_clock_conv.gen_async_conv.asyncfifo_axi'. [/home/ubuntu/src/project_data/SatSwarmV2/src/aws-fpga/hdk/common/ip/cl_ip/cl_ip.gen/sources_1/ip/cl_axi_clock_converter/cl_axi_clock_converter_clocks.xdc:30]
Finished Parsing XDC File [/home/ubuntu/src/project_data/SatSwarmV2/src/aws-fpga/hdk/cl/examples/cl_satswarm/build/checkpoints/cl_satswarm.2026_03_19-165254.post_synth/cl_satswarm_late.xdc] for cell 'WRAPPER/CL'
INFO: [Designutils 20-5722] Start Reading Physical Databases.
Reading placement.
Read Netlist Cache: Time (s): cpu = 00:00:00 ; elapsed = 00:00:00 . Memory (MB): peak = 4921.109 ; gain = 0.000 ; free physical = 23961 ; free virtual = 37043
Reading placer database...
Read Device Cache: Time (s): cpu = 00:00:00.02 ; elapsed = 00:00:00.02 . Memory (MB): peak = 4931.945 ; gain = 10.836 ; free physical = 23953 ; free virtual = 37035
CRITICAL WARNING: [Constraints 18-4866] Site IOB_X0Y207 had a top level port PCIE_RP_PERSTN on sitetype net OUTBUF_O which was overwritten!
CRITICAL WARNING: [Constraints 18-4866] Site IOB_X0Y207 had a top level port PCIE_RP_PERSTN on sitetype net PULL_PAD which was overwritten!
CRITICAL WARNING: [Constraints 18-4866] Site IOB_X0Y207 had a top level port PCIE_RP_PERSTN on sitetype net IO which was overwritten!
CRITICAL WARNING: [Constraints 18-4866] Site IOB_X0Y181 had a top level port PCIE_EP_PERSTN on sitetype net OUTBUF_O which was overwritten!
CRITICAL WARNING: [Constraints 18-4866] Site IOB_X0Y181 had a top level port PCIE_EP_PERSTN on sitetype net PULL_PAD which was overwritten!
CRITICAL WARNING: [Constraints 18-4866] Site IOB_X0Y181 had a top level port PCIE_EP_PERSTN on sitetype net IO which was overwritten!
Read PlaceDB: Time (s): cpu = 00:00:00.02 ; elapsed = 00:00:00.01 . Memory (MB): peak = 4934.328 ; gain = 0.000 ; free physical = 23953 ; free virtual = 37035
Read PulsedLatchDB: Time (s): cpu = 00:00:00 ; elapsed = 00:00:00 . Memory (MB): peak = 4934.328 ; gain = 0.000 ; free physical = 23953 ; free virtual = 37035
Reading routing.
Read RouteStorage: Time (s): cpu = 00:00:00.01 ; elapsed = 00:00:00 . Memory (MB): peak = 4934.328 ; gain = 0.000 ; free physical = 23953 ; free virtual = 37035
Read Physdb Files: Time (s): cpu = 00:00:00.05 ; elapsed = 00:00:00.06 . Memory (MB): peak = 4934.328 ; gain = 13.219 ; free physical = 23953 ; free virtual = 37035
Restored from archive | CPU: 0.060000 secs | Memory: 0.004395 MB |
Finished XDEF File Restore: Time (s): cpu = 00:00:00.06 ; elapsed = 00:00:00.06 . Memory (MB): peak = 4934.328 ; gain = 13.219 ; free physical = 23953 ; free virtual = 37035
Netlist sorting complete. Time (s): cpu = 00:00:00.14 ; elapsed = 00:00:00.14 . Memory (MB): peak = 4972.227 ; gain = 0.000 ; free physical = 23913 ; free virtual = 36995
INFO: [Project 1-111] Unisim Transformation Summary:
  A total of 5427 instances were transformed.
  IBUF => IBUF (IBUFCTRL, INBUF): 6 instances
  IBUFDS => IBUFDS (DIFFINBUF, IBUFCTRL): 2 instances
  IOBUF => IOBUF (IBUFCTRL, INBUF, OBUFT): 2 instances
  IOBUFDS => IOBUFDS (DIFFINBUF, IBUFCTRL, INV, OBUFT(x2)): 18 instances
  IOBUFE3 => IOBUFE3 (IBUFCTRL, INBUF, OBUFT_DCIEN): 72 instances
  RAM256X1D => RAM256X1D (MUXF7(x4), MUXF8(x2), RAMD64E(x8)): 32 instances
  RAM32M => RAM32M (RAMD32(x6), RAMS32(x2)): 5 instances
  RAM32M16 => RAM32M16 (RAMD32(x14), RAMS32(x2)): 42 instances
  RAM32X1D => RAM32X1D (RAMD32(x2)): 8 instances
  RAM64M => RAM64M (RAMD64E(x4)): 416 instances
  RAM64M8 => RAM64M8 (RAMD64E(x8)): 4824 instances

27 Infos, 123 Warnings, 6 Critical Warnings and 0 Errors encountered.
link_design completed successfully
link_design: Time (s): cpu = 00:02:37 ; elapsed = 00:02:13 . Memory (MB): peak = 4972.262 ; gain = 3413.535 ; free physical = 23913 ; free virtual = 36995
## print "Writing post-link design checkpoint"

AWS FPGA: (17:12:45): Writing post-link design checkpoint

## write_checkpoint -force ${checkpoints_dir}/${CL}.${TAG}.post_link.dcp
INFO: [Timing 38-480] Writing timing data to binary archive.
Wrote PlaceDB: Time (s): cpu = 00:00:02 ; elapsed = 00:00:00.38 . Memory (MB): peak = 5106.488 ; gain = 85.336 ; free physical = 23758 ; free virtual = 36883
Wrote PulsedLatchDB: Time (s): cpu = 00:00:00 ; elapsed = 00:00:00 . Memory (MB): peak = 5109.488 ; gain = 0.000 ; free physical = 23758 ; free virtual = 36884
Writing XDEF routing.
Writing XDEF routing logical nets.
Writing XDEF routing special nets.
Wrote RouteStorage: Time (s): cpu = 00:00:00.82 ; elapsed = 00:00:00.17 . Memory (MB): peak = 5148.230 ; gain = 38.742 ; free physical = 23704 ; free virtual = 36836
Wrote Netlist Cache: Time (s): cpu = 00:00:00.07 ; elapsed = 00:00:00.01 . Memory (MB): peak = 5148.230 ; gain = 0.000 ; free physical = 23697 ; free virtual = 36833
Wrote Device Cache: Time (s): cpu = 00:00:00.09 ; elapsed = 00:00:00.02 . Memory (MB): peak = 5148.230 ; gain = 0.000 ; free physical = 23688 ; free virtual = 36832
Write Physdb Complete: Time (s): cpu = 00:00:03 ; elapsed = 00:00:00.6 . Memory (MB): peak = 5148.230 ; gain = 127.078 ; free physical = 23688 ; free virtual = 36835
Write ShapeDB Complete: Time (s): cpu = 00:00:03 ; elapsed = 00:00:00.65 . Memory (MB): peak = 5148.230 ; gain = 127.078 ; free physical = 23680 ; free virtual = 36834
INFO: [Common 17-1381] The checkpoint '/home/ubuntu/src/project_data/SatSwarmV2/src/aws-fpga/hdk/cl/examples/cl_satswarm/build/checkpoints/cl_satswarm.2026_03_19-165254.post_link.dcp' has been generated.
write_checkpoint: Time (s): cpu = 00:00:22 ; elapsed = 00:00:13 . Memory (MB): peak = 5148.230 ; gain = 175.969 ; free physical = 23700 ; free virtual = 36835
## source $HDK_SHELL_DIR/build/scripts/aws_clock_properties.tcl
### proc proc_set_mmcm {mmcm_cell clkfbout_mult_f divclk_divide clkout0_divide_f {clkout1_divide 1} {clkout2_divide 1}} {
###     set cell_name [get_cells -quiet $mmcm_cell]
###     if {$cell_name != ""} {
###         set_property CLKFBOUT_MULT_F  $clkfbout_mult_f  $cell_name
###         set_property DIVCLK_DIVIDE    $divclk_divide    $cell_name
###         set_property CLKOUT0_DIVIDE_F $clkout0_divide_f $cell_name
###         set_property CLKOUT1_DIVIDE   $clkout1_divide   $cell_name
###         set_property CLKOUT2_DIVIDE   $clkout2_divide   $cell_name
###     } else {
###         puts "\nCRITICAL WARNING: $mmcm_cell cell not found. Clock recipe for this MMCM not applied.\n"
###     }
### }
### set RL_A0_MMCM "WRAPPER/IO_SHIM/RL_CLKS/MMCM_CLK_MAIN_A/inst/CLK_CORE_DRP_I/clk_inst/mmcme4_adv_inst"
### set GRP_A_MMCM "WRAPPER/CL/AWS_CLK_GEN/CLK_GRP_A_EN_I.CLK_MMCM_A_I/inst/CLK_CORE_DRP_I/clk_inst/mmcme4_adv_inst"
### set GRP_B_MMCM "WRAPPER/CL/AWS_CLK_GEN/CLK_GRP_B_EN_I.CLK_MMCM_B_I/inst/CLK_CORE_DRP_I/clk_inst/mmcme4_adv_inst"
### set GRP_C_MMCM "WRAPPER/CL/AWS_CLK_GEN/CLK_GRP_C_EN_I.CLK_MMCM_C_I/inst/CLK_CORE_DRP_I/clk_inst/mmcme4_adv_inst"
### set GRP_H_MMCM "WRAPPER/CL/AWS_CLK_GEN/CLK_HBM_EN_I.CLK_MMCM_HBM_I/inst/CLK_CORE_DRP_I/clk_inst/mmcme4_adv_inst"
### if {[string compare $clock_recipe_a "A1"] == 0} {
###     #
###     # clk_main_a0
###     #
###     set CLKFBOUT_MULT_F  9.5
###     set DIVCLK_DIVIDE    1
###     set CLKOUT0_DIVIDE_F 4.750
###     proc_set_mmcm $RL_A0_MMCM $CLKFBOUT_MULT_F $DIVCLK_DIVIDE $CLKOUT0_DIVIDE_F
### 
###     #
###     # clk_extra_a1 = 150 MHz (VCO=1500MHz, /10)
###     # clk_extra_a2 = 250 MHz (VCO=1500MHz, /6)
###     # clk_extra_a3 = 300 MHz (VCO=1500MHz, /5)
###     # NOTE: Modified from standard 125MHz for SatSwarm 150MHz timing build
###     #
###     set CLKFBOUT_MULT_F  15
###     set DIVCLK_DIVIDE    1
###     set CLKOUT0_DIVIDE_F 10
###     set CLKOUT1_DIVIDE   6
###     set CLKOUT2_DIVIDE   5
###     proc_set_mmcm $GRP_A_MMCM $CLKFBOUT_MULT_F $DIVCLK_DIVIDE $CLKOUT0_DIVIDE_F $CLKOUT1_DIVIDE $CLKOUT2_DIVIDE
### 
### } elseif {[string compare $clock_recipe_a "A2"] == 0} {
###     #
###     # clk_main_a0
###     #
###     #NOT SUPPORTED# set CLKFBOUT_MULT_F  63.625
###     #NOT SUPPORTED# set DIVCLK_DIVIDE    8
###     #NOT SUPPORTED# set CLKOUT0_DIVIDE_F 63.625
###     set CLKFBOUT_MULT_F  9.5
###     set DIVCLK_DIVIDE    1
###     set CLKOUT0_DIVIDE_F 4.750
###     proc_set_mmcm $RL_A0_MMCM $CLKFBOUT_MULT_F $DIVCLK_DIVIDE $CLKOUT0_DIVIDE_F
### 
###     #
###     # clk_extra_a1, clk_extra_a2, clk_extra_a3
###     #
###     set CLKFBOUT_MULT_F  12.500
###     set DIVCLK_DIVIDE    1
###     set CLKOUT0_DIVIDE_F 80
###     set CLKOUT1_DIVIDE   10
###     set CLKOUT2_DIVIDE   20
###     proc_set_mmcm $GRP_A_MMCM $CLKFBOUT_MULT_F $DIVCLK_DIVIDE $CLKOUT0_DIVIDE_F $CLKOUT1_DIVIDE $CLKOUT2_DIVIDE
### 
### } else { #A0
###     #
###     # clk_main_a0
###     #
###     #NOT SUPPORTED# set CLKFBOUT_MULT_F  9.625
###     #NOT SUPPORTED# set DIVCLK_DIVIDE    1
###     #NOT SUPPORTED# set CLKOUT0_DIVIDE_F 9.625
###     set CLKFBOUT_MULT_F  9.5
###     set DIVCLK_DIVIDE    1
###     set CLKOUT0_DIVIDE_F 4.750
###     proc_set_mmcm $RL_A0_MMCM $CLKFBOUT_MULT_F $DIVCLK_DIVIDE $CLKOUT0_DIVIDE_F
### 
###     #
###     # clk_extra_a1, clk_extra_a2, clk_extra_a3
###     #
###     set CLKFBOUT_MULT_F  15
###     set DIVCLK_DIVIDE    1
###     set CLKOUT0_DIVIDE_F 24
###     set CLKOUT1_DIVIDE   8
###     set CLKOUT2_DIVIDE   6
###     proc_set_mmcm $GRP_A_MMCM $CLKFBOUT_MULT_F $DIVCLK_DIVIDE $CLKOUT0_DIVIDE_F $CLKOUT1_DIVIDE $CLKOUT2_DIVIDE
### }

CRITICAL WARNING: WRAPPER/CL/AWS_CLK_GEN/CLK_GRP_A_EN_I.CLK_MMCM_A_I/inst/CLK_CORE_DRP_I/clk_inst/mmcme4_adv_inst cell not found. Clock recipe for this MMCM not applied.

### if {[string compare $clock_recipe_b "B1"] == 0} {
###     set CLKFBOUT_MULT_F  11.875
###     set DIVCLK_DIVIDE    1
###     set CLKOUT0_DIVIDE_F 9.5
###     set CLKOUT1_DIVIDE   19
### } elseif {[string compare $clock_recipe_b "B2"] == 0} {
###     set CLKFBOUT_MULT_F  11.250
###     set DIVCLK_DIVIDE    1
###     set CLKOUT0_DIVIDE_F 2.5
###     set CLKOUT1_DIVIDE   5
### } elseif {[string compare $clock_recipe_b "B3"] == 0} {
###     set CLKFBOUT_MULT_F  11.875
###     set DIVCLK_DIVIDE    1
###     set CLKOUT0_DIVIDE_F 4.750
###     set CLKOUT1_DIVIDE   19
### } elseif {[string compare $clock_recipe_b "B4"] == 0} {
###     set CLKFBOUT_MULT_F  12
###     set DIVCLK_DIVIDE    1
###     set CLKOUT0_DIVIDE_F 4
###     set CLKOUT1_DIVIDE   16
### } elseif {[string compare $clock_recipe_b "B5"] == 0} {
###     set CLKFBOUT_MULT_F  12
###     set DIVCLK_DIVIDE    1
###     set CLKOUT0_DIVIDE_F 3
###     set CLKOUT1_DIVIDE   12
### } else { #B0
###     set CLKFBOUT_MULT_F  12.5
###     set DIVCLK_DIVIDE    1
###     set CLKOUT0_DIVIDE_F 5
###     set CLKOUT1_DIVIDE   10
### }
### proc_set_mmcm $GRP_B_MMCM $CLKFBOUT_MULT_F $DIVCLK_DIVIDE $CLKOUT0_DIVIDE_F $CLKOUT1_DIVIDE

CRITICAL WARNING: WRAPPER/CL/AWS_CLK_GEN/CLK_GRP_B_EN_I.CLK_MMCM_B_I/inst/CLK_CORE_DRP_I/clk_inst/mmcme4_adv_inst cell not found. Clock recipe for this MMCM not applied.

### if {[string compare $clock_recipe_c "C1"] == 0} {
###     set CLKFBOUT_MULT_F  12
###     set DIVCLK_DIVIDE    1
###     set CLKOUT0_DIVIDE_F 8
###     set CLKOUT1_DIVIDE   6
### } elseif {[string compare $clock_recipe_c "C2"] == 0} {
###     set CLKFBOUT_MULT_F  12
###     set DIVCLK_DIVIDE    1
###     set CLKOUT0_DIVIDE_F 16
###     set CLKOUT1_DIVIDE   12
### } elseif {[string compare $clock_recipe_c "C3"] == 0} {
###     set CLKFBOUT_MULT_F  8
###     set DIVCLK_DIVIDE    1
###     set CLKOUT0_DIVIDE_F 4
###     set CLKOUT1_DIVIDE   3
### } else { #C0
###     set CLKFBOUT_MULT_F  12
###     set DIVCLK_DIVIDE    1
###     set CLKOUT0_DIVIDE_F 4
###     set CLKOUT1_DIVIDE   3
### }
### proc_set_mmcm $GRP_C_MMCM $CLKFBOUT_MULT_F $DIVCLK_DIVIDE $CLKOUT0_DIVIDE_F $CLKOUT1_DIVIDE

CRITICAL WARNING: WRAPPER/CL/AWS_CLK_GEN/CLK_GRP_C_EN_I.CLK_MMCM_C_I/inst/CLK_CORE_DRP_I/clk_inst/mmcme4_adv_inst cell not found. Clock recipe for this MMCM not applied.

### if {[string compare $clock_recipe_hbm "H1"] == 0} {
###     set CLKFBOUT_MULT_F  11.875
###     set DIVCLK_DIVIDE    1
###     set CLKOUT0_DIVIDE_F 9.5
### } elseif {[string compare $clock_recipe_hbm "H2"] == 0} {
###     set CLKFBOUT_MULT_F  11.250
###     set DIVCLK_DIVIDE    1
###     set CLKOUT0_DIVIDE_F 2.5
### } elseif {[string compare $clock_recipe_hbm "H3"] == 0} {
###     set CLKFBOUT_MULT_F  12
###     set DIVCLK_DIVIDE    1
###     set CLKOUT0_DIVIDE_F 4
### } elseif {[string compare $clock_recipe_hbm "H4"] == 0} {
###     set CLKFBOUT_MULT_F  12
###     set DIVCLK_DIVIDE    1
###     set CLKOUT0_DIVIDE_F 3
### } else { #H0
###     set CLKFBOUT_MULT_F  12.5
###     set DIVCLK_DIVIDE    1
###     set CLKOUT0_DIVIDE_F 5
### }
### proc_set_mmcm $GRP_H_MMCM $CLKFBOUT_MULT_F $DIVCLK_DIVIDE $CLKOUT0_DIVIDE_F $CLKOUT1_DIVIDE

CRITICAL WARNING: WRAPPER/CL/AWS_CLK_GEN/CLK_HBM_EN_I.CLK_MMCM_HBM_I/inst/CLK_CORE_DRP_I/clk_inst/mmcme4_adv_inst cell not found. Clock recipe for this MMCM not applied.

### puts "INFO: aws_clock_properties.tcl successfully applied clock recipes to MMCMs"
INFO: aws_clock_properties.tcl successfully applied clock recipes to MMCMs
## read_xdc ${HDK_SHELL_DIR}/build/constraints/${SHELL_MODE}_level_1_fp_cl.xdc
Parsing XDC File [/home/ubuntu/src/project_data/SatSwarmV2/src/aws-fpga/hdk/common/shell_stable/build/constraints/small_shell_level_1_fp_cl.xdc]
CRITICAL WARNING: [Vivado 12-795] Pblock 'pblock_CL' already exists. [/home/ubuntu/src/project_data/SatSwarmV2/src/aws-fpga/hdk/common/shell_stable/build/constraints/small_shell_level_1_fp_cl.xdc:28]
resize_pblock: Time (s): cpu = 00:00:09 ; elapsed = 00:00:09 . Memory (MB): peak = 5148.230 ; gain = 0.000 ; free physical = 23718 ; free virtual = 36852
resize_pblock: Time (s): cpu = 00:00:09 ; elapsed = 00:00:09 . Memory (MB): peak = 5148.230 ; gain = 0.000 ; free physical = 23719 ; free virtual = 36853
resize_pblock: Time (s): cpu = 00:00:09 ; elapsed = 00:00:09 . Memory (MB): peak = 5148.230 ; gain = 0.000 ; free physical = 23726 ; free virtual = 36861
resize_pblock: Time (s): cpu = 00:00:09 ; elapsed = 00:00:09 . Memory (MB): peak = 5148.230 ; gain = 0.000 ; free physical = 23727 ; free virtual = 36862
resize_pblock: Time (s): cpu = 00:00:09 ; elapsed = 00:00:09 . Memory (MB): peak = 5148.230 ; gain = 0.000 ; free physical = 23727 ; free virtual = 36862
resize_pblock: Time (s): cpu = 00:00:09 ; elapsed = 00:00:09 . Memory (MB): peak = 5148.230 ; gain = 0.000 ; free physical = 23724 ; free virtual = 36859
resize_pblock: Time (s): cpu = 00:00:09 ; elapsed = 00:00:09 . Memory (MB): peak = 5148.230 ; gain = 0.000 ; free physical = 23725 ; free virtual = 36860
resize_pblock: Time (s): cpu = 00:00:09 ; elapsed = 00:00:09 . Memory (MB): peak = 5148.230 ; gain = 0.000 ; free physical = 23725 ; free virtual = 36860
resize_pblock: Time (s): cpu = 00:00:09 ; elapsed = 00:00:09 . Memory (MB): peak = 5148.230 ; gain = 0.000 ; free physical = 23729 ; free virtual = 36863
resize_pblock: Time (s): cpu = 00:00:09 ; elapsed = 00:00:09 . Memory (MB): peak = 5148.230 ; gain = 0.000 ; free physical = 23730 ; free virtual = 36865
resize_pblock: Time (s): cpu = 00:00:09 ; elapsed = 00:00:09 . Memory (MB): peak = 5148.230 ; gain = 0.000 ; free physical = 23731 ; free virtual = 36866
resize_pblock: Time (s): cpu = 00:00:09 ; elapsed = 00:00:09 . Memory (MB): peak = 5148.230 ; gain = 0.000 ; free physical = 23705 ; free virtual = 36841
resize_pblock: Time (s): cpu = 00:00:10 ; elapsed = 00:00:10 . Memory (MB): peak = 5148.230 ; gain = 0.000 ; free physical = 23711 ; free virtual = 36846
resize_pblock: Time (s): cpu = 00:00:10 ; elapsed = 00:00:10 . Memory (MB): peak = 5148.230 ; gain = 0.000 ; free physical = 23715 ; free virtual = 36850
resize_pblock: Time (s): cpu = 00:00:10 ; elapsed = 00:00:10 . Memory (MB): peak = 5148.230 ; gain = 0.000 ; free physical = 23702 ; free virtual = 36838
resize_pblock: Time (s): cpu = 00:00:10 ; elapsed = 00:00:10 . Memory (MB): peak = 5148.230 ; gain = 0.000 ; free physical = 23731 ; free virtual = 36866
resize_pblock: Time (s): cpu = 00:00:10 ; elapsed = 00:00:10 . Memory (MB): peak = 5148.230 ; gain = 0.000 ; free physical = 23719 ; free virtual = 36854
resize_pblock: Time (s): cpu = 00:00:10 ; elapsed = 00:00:10 . Memory (MB): peak = 5148.230 ; gain = 0.000 ; free physical = 23716 ; free virtual = 36851
resize_pblock: Time (s): cpu = 00:00:09 ; elapsed = 00:00:09 . Memory (MB): peak = 5148.230 ; gain = 0.000 ; free physical = 23683 ; free virtual = 36818
resize_pblock: Time (s): cpu = 00:00:09 ; elapsed = 00:00:09 . Memory (MB): peak = 5148.230 ; gain = 0.000 ; free physical = 23641 ; free virtual = 36776
resize_pblock: Time (s): cpu = 00:00:09 ; elapsed = 00:00:09 . Memory (MB): peak = 5148.230 ; gain = 0.000 ; free physical = 23627 ; free virtual = 36762
Finished Parsing XDC File [/home/ubuntu/src/project_data/SatSwarmV2/src/aws-fpga/hdk/common/shell_stable/build/constraints/small_shell_level_1_fp_cl.xdc]
read_xdc: Time (s): cpu = 00:03:20 ; elapsed = 00:03:20 . Memory (MB): peak = 5148.230 ; gain = 0.000 ; free physical = 23625 ; free virtual = 36760
## read_xdc ${constraints_dir}/${SHELL_MODE}_cl_pnr_user.xdc
Parsing XDC File [/home/ubuntu/src/project_data/SatSwarmV2/src/aws-fpga/hdk/cl/examples/cl_satswarm/build/constraints/small_shell_cl_pnr_user.xdc]
Finished Parsing XDC File [/home/ubuntu/src/project_data/SatSwarmV2/src/aws-fpga/hdk/cl/examples/cl_satswarm/build/constraints/small_shell_cl_pnr_user.xdc]
## source ${HDK_SHELL_DIR}/build/scripts/ddr_io_train.tcl
WARNING: [Vivado 12-180] No cells matched 'WRAPPER/CL/SH_DDR/genblk1.IS_DDR_PRESENT.DDR4_0'.
### set DDR_CELL [get_cells WRAPPER/CL/SH_DDR/genblk1.IS_DDR_PRESENT.DDR4_0]
### if {$DDR_CELL != ""} {
###     set_property MIG_FLOORPLAN_MODE FULL [get_cells WRAPPER/CL/SH_DDR/genblk1.IS_DDR_PRESENT.DDR4_0]
### } else {
###     print "Skipped ddr_io_train.tcl. No DDR Core in the design"
### }

AWS FPGA: (17:16:18): Skipped ddr_io_train.tcl. No DDR Core in the design

## print "Start optimizing customer design ${CL}"

AWS FPGA: (17:16:18): Start optimizing customer design cl_satswarm

## opt_design
Command: opt_design
Attempting to get a license for feature 'Implementation' and/or device 'xcvu47p'
INFO: [Common 17-349] Got license for feature 'Implementation' and/or device 'xcvu47p'
Running DRC as a precondition to command opt_design

Starting DRC Task
INFO: [DRC 23-27] Running DRC with 8 threads
WARNING: [DRC 23-814] Not all possible (connectivity based) DRCs may have been run because this design is seen as Abstract Shell.
INFO: [Project 1-461] DRC finished with 0 Errors
INFO: [Project 1-462] Please refer to the DRC report (report_drc) for more information.

Time (s): cpu = 00:00:13 ; elapsed = 00:00:08 . Memory (MB): peak = 5183.945 ; gain = 35.715 ; free physical = 23541 ; free virtual = 36686

Starting Cache Timing Information Task
Ending Cache Timing Information Task | Checksum: 284c080e9

Time (s): cpu = 00:00:04 ; elapsed = 00:00:01 . Memory (MB): peak = 5183.945 ; gain = 0.000 ; free physical = 23543 ; free virtual = 36688

Starting Logic Optimization Task

Phase 1 Initialization

Phase 1.1 Core Generation And Design Setup
Phase 1.1 Core Generation And Design Setup | Checksum: 284c080e9

Time (s): cpu = 00:00:00.64 ; elapsed = 00:00:00.59 . Memory (MB): peak = 5445.930 ; gain = 0.000 ; free physical = 23277 ; free virtual = 36423

Phase 1.2 Setup Constraints And Sort Netlist
Phase 1.2 Setup Constraints And Sort Netlist | Checksum: 284c080e9

Time (s): cpu = 00:00:00.92 ; elapsed = 00:00:00.8 . Memory (MB): peak = 5445.930 ; gain = 0.000 ; free physical = 23277 ; free virtual = 36423
Phase 1 Initialization | Checksum: 284c080e9

Time (s): cpu = 00:00:01 ; elapsed = 00:00:00.85 . Memory (MB): peak = 5445.930 ; gain = 0.000 ; free physical = 23277 ; free virtual = 36423

Phase 2 Timer Update And Timing Data Collection

Phase 2.1 Detect if minReqCache needed
Phase 2.1 Detect if minReqCache needed | Checksum: 284c080e9

Time (s): cpu = 00:00:01 ; elapsed = 00:00:01 . Memory (MB): peak = 5560.898 ; gain = 114.969 ; free physical = 23192 ; free virtual = 36337

Phase 2.2 Timer Update
Phase 2.2 Timer Update | Checksum: 284c080e9

Time (s): cpu = 00:00:25 ; elapsed = 00:00:06 . Memory (MB): peak = 5560.898 ; gain = 114.969 ; free physical = 23176 ; free virtual = 36321

Phase 2.3 Timing Data Collection
Phase 2.3 Timing Data Collection | Checksum: 284c080e9

Time (s): cpu = 00:00:25 ; elapsed = 00:00:06 . Memory (MB): peak = 5560.898 ; gain = 114.969 ; free physical = 23161 ; free virtual = 36306
Phase 2 Timer Update And Timing Data Collection | Checksum: 284c080e9

Time (s): cpu = 00:00:25 ; elapsed = 00:00:07 . Memory (MB): peak = 5560.898 ; gain = 114.969 ; free physical = 23161 ; free virtual = 36306

Phase 3 Retarget
INFO: [Opt 31-1851] Number of loadless carry chains removed were: 0
INFO: [Opt 31-1834] Total Chains To Be Transformed Were: 0 AND Number of Transformed insts Created are: 0
INFO: [Opt 31-1566] Pulled 344 inverters resulting in an inversion of 5054 pins
INFO: [Opt 31-138] Pushed 26 inverter(s) to 356 load pin(s).
INFO: [Opt 31-49] Retargeted 0 cell(s).
Phase 3 Retarget | Checksum: 1acff4d48

Time (s): cpu = 00:00:32 ; elapsed = 00:00:14 . Memory (MB): peak = 5560.898 ; gain = 114.969 ; free physical = 23166 ; free virtual = 36311
Retarget | Checksum: 1acff4d48
INFO: [Opt 31-389] Phase Retarget created 1005 cells and removed 1568 cells
INFO: [Opt 31-1021] In phase Retarget, 2245 netlist objects are constrained preventing optimization. Please run opt_design with -debug_log to get more detail. 

Phase 4 Constant propagation
